<?xml version="1.0" encoding="UTF-8"?>
<!-- Generated by org.testng.reporters.JUnitReportReporter -->
<testsuite hostname="TABLET-035DO2R9" failures="0" tests="1" name="com.basics.HelloWorld" time="0.016" errors="0" timestamp="2024-01-23T10:11:04 GMT-06:00" skipped="0">
  <testcase classname="com.basics.HelloWorld" name="printMessage" time="0.016"/>
  <system-out/>
</testsuite> <!-- com.basics.HelloWorld -->
